Build started 18/11/30 下午1:10:14.
     1>Project "\\Mac\Home\Desktop\EAI_basecontroll\ConsoleApplication1\ConsoleApplication1\ConsoleApplication1.vcxproj" on node 2 (Build target(s)).
     1>ClCompile:
         C:\Program Files (x86)\Microsoft Visual Studio 12.0\VC\bin\CL.exe /c /ZI /nologo /W3 /WX- /sdl /Od /Oy- /D WIN32 /D _DEBUG /D _CONSOLE /D _LIB /D _CRT_SECURE_NO_WARNNINGS /D _MBCS /Gm /EHsc /RTC1 /MDd /GS /fp:precise /Zc:wchar_t /Zc:forScope /Yu"stdafx.h" /Fp"Debug\Basecontroller.pch" /Fo"Debug\\" /Fd"Debug\vc120.pdb" /Gd /TP /analyze- /errorReport:prompt EAI.cpp SerialClass.cpp
         SerialClass.cpp
         EAI.cpp
     1>\\mac\home\desktop\eai_basecontroll\consoleapplication1\consoleapplication1\basecontrol.h(81): warning C4305: 'initializing' : truncation from 'double' to 'const float'
     1>\\mac\home\desktop\eai_basecontroll\consoleapplication1\consoleapplication1\eai.cpp(416): warning C4244: '=' : conversion from 'const double' to 'float', possible loss of data
     1>\\mac\home\desktop\eai_basecontroll\consoleapplication1\consoleapplication1\eai.cpp(417): warning C4244: '=' : conversion from 'const double' to 'float', possible loss of data
     1>\\mac\home\desktop\eai_basecontroll\consoleapplication1\consoleapplication1\eai.cpp(422): warning C4244: '=' : conversion from 'const double' to 'float', possible loss of data
     1>\\mac\home\desktop\eai_basecontroll\consoleapplication1\consoleapplication1\eai.cpp(423): warning C4244: '=' : conversion from 'const double' to 'float', possible loss of data
     1>\\mac\home\desktop\eai_basecontroll\consoleapplication1\consoleapplication1\eai.cpp(469): warning C4244: '=' : conversion from 'const double' to 'float', possible loss of data
     1>\\mac\home\desktop\eai_basecontroll\consoleapplication1\consoleapplication1\eai.cpp(470): warning C4244: '=' : conversion from 'const double' to 'float', possible loss of data
     1>\\mac\home\desktop\eai_basecontroll\consoleapplication1\consoleapplication1\eai.cpp(475): warning C4244: '=' : conversion from 'const double' to 'float', possible loss of data
     1>\\mac\home\desktop\eai_basecontroll\consoleapplication1\consoleapplication1\eai.cpp(476): warning C4244: '=' : conversion from 'const double' to 'float', possible loss of data
     1>\\mac\home\desktop\eai_basecontroll\consoleapplication1\consoleapplication1\eai.cpp(626): error C2143: syntax error : missing ';' before '}'
     1>\\mac\home\desktop\eai_basecontroll\consoleapplication1\consoleapplication1\eai.cpp(632): error C2143: syntax error : missing ';' before '}'
     1>\\mac\home\desktop\eai_basecontroll\consoleapplication1\consoleapplication1\eai.cpp(650): error C2065: 'M_PI' : undeclared identifier
     1>\\mac\home\desktop\eai_basecontroll\consoleapplication1\consoleapplication1\eai.cpp(657): error C2059: syntax error : '!'
     1>\\mac\home\desktop\eai_basecontroll\consoleapplication1\consoleapplication1\eai.cpp(658): error C2143: syntax error : missing ';' before '{'
     1>\\mac\home\desktop\eai_basecontroll\consoleapplication1\consoleapplication1\eai.cpp(670): warning C4244: '=' : conversion from 'double' to 'float', possible loss of data
     1>\\mac\home\desktop\eai_basecontroll\consoleapplication1\consoleapplication1\eai.cpp(671): warning C4244: '=' : conversion from 'double' to 'float', possible loss of data
     1>\\mac\home\desktop\eai_basecontroll\consoleapplication1\consoleapplication1\eai.cpp(689): warning C4305: 'initializing' : truncation from 'double' to 'float'
     1>\\mac\home\desktop\eai_basecontroll\consoleapplication1\consoleapplication1\eai.cpp(710): error C2065: 'M_PI' : undeclared identifier
     1>\\mac\home\desktop\eai_basecontroll\consoleapplication1\consoleapplication1\eai.cpp(723): warning C4244: '=' : conversion from 'float' to 'int', possible loss of data
         Generating Code...
     1>Done Building Project "\\Mac\Home\Desktop\EAI_basecontroll\ConsoleApplication1\ConsoleApplication1\ConsoleApplication1.vcxproj" (Build target(s)) -- FAILED.

Build FAILED.

Time Elapsed 00:00:02.59
